[debug] [2023-09-06T10:37:04.569Z] ----------------------------------------------------------------------
[debug] [2023-09-06T10:37:04.571Z] Command:       C:\Program Files\nodejs\node.exe C:\Users\DELL\AppData\Roaming\npm\node_modules\firebase-tools\lib\bin\firebase.js init
[debug] [2023-09-06T10:37:04.571Z] CLI Version:   12.5.2
[debug] [2023-09-06T10:37:04.572Z] Platform:      win32
[debug] [2023-09-06T10:37:04.572Z] Node Version:  v16.16.0
[debug] [2023-09-06T10:37:04.573Z] Time:          Wed Sep 06 2023 16:07:04 GMT+0530 (India Standard Time)
[debug] [2023-09-06T10:37:04.573Z] ----------------------------------------------------------------------
[debug] 
[debug] [2023-09-06T10:37:04.668Z] > command requires scopes: ["email","openid","https://www.googleapis.com/auth/cloudplatformprojects.readonly","https://www.googleapis.com/auth/firebase","https://www.googleapis.com/auth/cloud-platform"]
[debug] [2023-09-06T10:37:04.669Z] > authorizing via signed-in user (chiragkathoyeck@gmail.com)
[info] 
     ######## #### ########  ######## ########     ###     ######  ########
     ##        ##  ##     ## ##       ##     ##  ##   ##  ##       ##
     ######    ##  ########  ######   ########  #########  ######  ######
     ##        ##  ##    ##  ##       ##     ## ##     ##       ## ##
     ##       #### ##     ## ######## ########  ##     ##  ######  ########

You're about to initialize a Firebase project in this directory:

  C:\Users\DELL\OneDrive\Desktop\Projects\Blog App\buddyspace

Before we get started, keep in mind:

  * You are initializing within an existing Firebase project directory

